<?xml version="1.0" encoding="UTF-8"?>
<!-- Generated by org.testng.reporters.JUnitReportReporter -->
<testsuite hostname="Vineela" failures="0" tests="3" name="com.ui.test.LoginTest" time="10.461" errors="0" timestamp="2025-10-28T19:18:38 IST" skipped="2">
  <testcase classname="com.ui.test.LoginTest" name="loginExcelTest" time="10.461"/>
  <testcase classname="com.ui.test.LoginTest" name="loginCSVTest">
    <skipped/>
  </testcase> <!-- loginCSVTest -->
  <testcase classname="com.ui.test.LoginTest" name="loginTest">
    <skipped/>
  </testcase> <!-- loginTest -->
</testsuite> <!-- com.ui.test.LoginTest -->
