<?xml version="1.0" encoding="UTF-8"?>
<!-- Generated by org.testng.reporters.JUnitReportReporter -->
<testsuite hostname="Vineela" failures="0" tests="1" name="com.ui.test.LoginTest" time="8.243" errors="0" timestamp="2025-10-08T13:41:57 IST" skipped="0">
  <testcase classname="com.ui.test.LoginTest" name="loginTest" time="8.243"/>
</testsuite> <!-- com.ui.test.LoginTest -->
