<?xml version="1.0" encoding="UTF-8"?>
<!-- Generated by org.testng.reporters.JUnitReportReporter -->
<testsuite hostname="Vineela" failures="0" tests="1" name="com.ui.test.LoginTest" time="11.474" errors="0" timestamp="2025-10-08T19:03:47 IST" skipped="0">
  <testcase classname="com.ui.test.LoginTest" name="loginExcelTest" time="11.474"/>
</testsuite> <!-- com.ui.test.LoginTest -->
