<?xml version="1.0" encoding="UTF-8"?>
<!-- Generated by org.testng.reporters.JUnitReportReporter -->
<testsuite hostname="Vineela" failures="0" tests="1" name="com.ui.test.LoginTest3" time="10.169" errors="0" timestamp="2025-10-08T03:15:26 IST" skipped="0">
  <testcase classname="com.ui.test.LoginTest3" name="loginTest" time="10.169"/>
</testsuite> <!-- com.ui.test.LoginTest3 -->
